# JRE version: Java(TM) SE Runtime Environment (8.0_261-b12) (build 1.8.0_261-b12)
# Java VM: Java HotSpot(TM) Client VM (25.261-b12 mixed mode, sharing windows-x86 )
Heap:
 def new generation   total 14656K, used 3070K [0x04200000, 0x051e0000, 0x09750000)
  eden space 13056K,  23% used [0x04200000, 0x044f1858, 0x04ec0000)
  from space 1600K,   3% used [0x05050000, 0x0505e150, 0x051e0000)
  to   space 1600K,   0% used [0x04ec0000, 0x04ec0000, 0x05050000)
 tenured generation   total 32416K, used 27780K [0x09750000, 0x0b6f8000, 0x14200000)
   the space 32416K,  85% used [0x09750000, 0x0b2710f0, 0x0b271200, 0x0b6f8000)
 Metaspace       used 15887K, capacity 16404K, committed 16512K, reserved 16768K
GC Heap History (10 events):
Event: 21.641 GC heap before
{Heap before GC invocations=55 (full 4):
 def new generation   total 14656K, used 13588K [0x04200000, 0x051e0000, 0x09750000)
  eden space 13056K, 100% used [0x04200000, 0x04ec0000, 0x04ec0000)
  from space 1600K,  33% used [0x04ec0000, 0x04f45160, 0x05050000)
  to   space 1600K,   0% used [0x05050000, 0x05050000, 0x051e0000)
 tenured generation   total 32416K, used 25182K [0x09750000, 0x0b6f8000, 0x14200000)
   the space 32416K,  77% used [0x09750000, 0x0afe7890, 0x0afe7a00, 0x0b6f8000)
 Metaspace       used 14779K, capacity 15316K, committed 15360K, reserved 15744K
Event: 21.654 GC heap after
Heap after GC invocations=56 (full 4):
 def new generation   total 14656K, used 1600K [0x04200000, 0x051e0000, 0x09750000)
  eden space 13056K,   0% used [0x04200000, 0x04200000, 0x04ec0000)
  from space 1600K, 100% used [0x05050000, 0x051e0000, 0x051e0000)
  to   space 1600K,   0% used [0x04ec0000, 0x04ec0000, 0x05050000)
 tenured generation   total 32416K, used 26218K [0x09750000, 0x0b6f8000, 0x14200000)
   the space 32416K,  80% used [0x09750000, 0x0b0eab90, 0x0b0eac00, 0x0b6f8000)
 Metaspace       used 14779K, capacity 15316K, committed 15360K, reserved 15744K
}
Event: 201.321 GC heap before
{Heap before GC invocations=56 (full 4):
 def new generation   total 14656K, used 14656K [0x04200000, 0x051e0000, 0x09750000)
  eden space 13056K, 100% used [0x04200000, 0x04ec0000, 0x04ec0000)
  from space 1600K, 100% used [0x05050000, 0x051e0000, 0x051e0000)
  to   space 1600K,   0% used [0x04ec0000, 0x04ec0000, 0x05050000)
 tenured generation   total 32416K, used 26218K [0x09750000, 0x0b6f8000, 0x14200000)
   the space 32416K,  80% used [0x09750000, 0x0b0eab90, 0x0b0eac00, 0x0b6f8000)
 Metaspace       used 15457K, capacity 15988K, committed 16128K, reserved 16768K
Event: 201.333 GC heap after
Heap after GC invocations=57 (full 4):
 def new generation   total 14656K, used 1237K [0x04200000, 0x051e0000, 0x09750000)
  eden space 13056K,   0% used [0x04200000, 0x04200000, 0x04ec0000)
  from space 1600K,  77% used [0x04ec0000, 0x04ff5670, 0x05050000)
  to   space 1600K,   0% used [0x05050000, 0x05050000, 0x051e0000)
 tenured generation   total 32416K, used 27530K [0x09750000, 0x0b6f8000, 0x14200000)
   the space 32416K,  84% used [0x09750000, 0x0b232800, 0x0b232800, 0x0b6f8000)
 Metaspace       used 15457K, capacity 15988K, committed 16128K, reserved 16768K
}
Event: 515.237 GC heap before
{Heap before GC invocations=57 (full 4):
 def new generation   total 14656K, used 14293K [0x04200000, 0x051e0000, 0x09750000)
  eden space 13056K, 100% used [0x04200000, 0x04ec0000, 0x04ec0000)
  from space 1600K,  77% used [0x04ec0000, 0x04ff5670, 0x05050000)
  to   space 1600K,   0% used [0x05050000, 0x05050000, 0x051e0000)
 tenured generation   total 32416K, used 27530K [0x09750000, 0x0b6f8000, 0x14200000)
   the space 32416K,  84% used [0x09750000, 0x0b232800, 0x0b232800, 0x0b6f8000)
 Metaspace       used 15885K, capacity 16404K, committed 16512K, reserved 16768K
Event: 515.244 GC heap after
Heap after GC invocations=58 (full 4):
 def new generation   total 14656K, used 921K [0x04200000, 0x051e0000, 0x09750000)
  eden space 13056K,   0% used [0x04200000, 0x04200000, 0x04ec0000)
  from space 1600K,  57% used [0x05050000, 0x05136708, 0x051e0000)
  to   space 1600K,   0% used [0x04ec0000, 0x04ec0000, 0x05050000)
 tenured generation   total 32416K, used 27639K [0x09750000, 0x0b6f8000, 0x14200000)
   the space 32416K,  85% used [0x09750000, 0x0b24dd50, 0x0b24de00, 0x0b6f8000)
 Metaspace       used 15885K, capacity 16404K, committed 16512K, reserved 16768K
}
Event: 1263.361 GC heap before
{Heap before GC invocations=58 (full 4):
 def new generation   total 14656K, used 13977K [0x04200000, 0x051e0000, 0x09750000)
  eden space 13056K, 100% used [0x04200000, 0x04ec0000, 0x04ec0000)
  from space 1600K,  57% used [0x05050000, 0x05136708, 0x051e0000)
  to   space 1600K,   0% used [0x04ec0000, 0x04ec0000, 0x05050000)
 tenured generation   total 32416K, used 27639K [0x09750000, 0x0b6f8000, 0x14200000)
   the space 32416K,  85% used [0x09750000, 0x0b24dd50, 0x0b24de00, 0x0b6f8000)
 Metaspace       used 15885K, capacity 16404K, committed 16512K, reserved 16768K
Event: 1263.364 GC heap after
Heap after GC invocations=59 (full 4):
 def new generation   total 14656K, used 25K [0x04200000, 0x051e0000, 0x09750000)
  eden space 13056K,   0% used [0x04200000, 0x04200000, 0x04ec0000)
  from space 1600K,   1% used [0x04ec0000, 0x04ec66f0, 0x05050000)
  to   space 1600K,   0% used [0x05050000, 0x05050000, 0x051e0000)
 tenured generation   total 32416K, used 27780K [0x09750000, 0x0b6f8000, 0x14200000)
   the space 32416K,  85% used [0x09750000, 0x0b2710f0, 0x0b271200, 0x0b6f8000)
 Metaspace       used 15885K, capacity 16404K, committed 16512K, reserved 16768K
}
Event: 1928.192 GC heap before
{Heap before GC invocations=59 (full 4):
 def new generation   total 14656K, used 13081K [0x04200000, 0x051e0000, 0x09750000)
  eden space 13056K, 100% used [0x04200000, 0x04ec0000, 0x04ec0000)
  from space 1600K,   1% used [0x04ec0000, 0x04ec66f0, 0x05050000)
  to   space 1600K,   0% used [0x05050000, 0x05050000, 0x051e0000)
 tenured generation   total 32416K, used 27780K [0x09750000, 0x0b6f8000, 0x14200000)
   the space 32416K,  85% used [0x09750000, 0x0b2710f0, 0x0b271200, 0x0b6f8000)
 Metaspace       used 15887K, capacity 16404K, committed 16512K, reserved 16768K
Event: 1928.195 GC heap after
Heap after GC invocations=60 (full 4):
 def new generation   total 14656K, used 56K [0x04200000, 0x051e0000, 0x09750000)
  eden space 13056K,   0% used [0x04200000, 0x04200000, 0x04ec0000)
  from space 1600K,   3% used [0x05050000, 0x0505e150, 0x051e0000)
  to   space 1600K,   0% used [0x04ec0000, 0x04ec0000, 0x05050000)
 tenured generation   total 32416K, used 27780K [0x09750000, 0x0b6f8000, 0x14200000)
   the space 32416K,  85% used [0x09750000, 0x0b2710f0, 0x0b271200, 0x0b6f8000)
 Metaspace       used 15887K, capacity 16404K, committed 16512K, reserved 16768K
}

